#
# There is insufficient memory for the Java Runtime Environment to continue.
# Native memory allocation (malloc) failed to allocate 1108576 bytes. Error detail: Chunk::new
# Possible reasons:
#   The system is out of physical RAM or swap space
#   This process is running with CompressedOops enabled, and the Java Heap may be blocking the growth of the native heap
# Possible solutions:
#   Reduce memory load on the system
#   Increase physical memory or swap space
#   Check if swap backing store is full
#   Decrease Java heap size (-Xmx/-Xms)
#   Decrease number of Java threads
#   Decrease Java thread stack sizes (-Xss)
#   Set larger code cache with -XX:ReservedCodeCacheSize=
#   JVM is running with Unscaled Compressed Oops mode in which the Java heap is
#     placed in the first 4GB address space. The Java Heap base address is the
#     maximum limit for the native heap growth. Please use -XX:HeapBaseMinAddress
#     to set the Java Heap base and to place the Java Heap above 4GB virtual address.
# This output file may be truncated or incomplete.
#
#  Out of Memory Error (arena.cpp:150), pid=10476, tid=13516
#
# JRE version: Java(TM) SE Runtime Environment (22.0.2+9) (build 22.0.2+9-70)
# Java VM: Java HotSpot(TM) 64-Bit Server VM (22.0.2+9-70, mixed mode, sharing, tiered, compressed oops, compressed class ptrs, g1 gc, windows-amd64)
# No core dump will be written. Minidumps are not enabled by default on client versions of Windows
#

---------------  S U M M A R Y ------------

Command Line: -Dclassworlds.conf=C:\Program Files\NetBeans-22\netbeans\java\maven\bin\m2.conf -Dmaven.home=C:\Program Files\NetBeans-22\netbeans\java\maven -Dlibrary.jansi.path=C:\Program Files\NetBeans-22\netbeans\java\maven\lib\jansi-native -Dmaven.multiModuleProjectDirectory=D:\HK2_24-25\THIET KE PHAN MEM UNG DUNG WEB\2274820116_BuiThiNgocHoa org.codehaus.plexus.classworlds.launcher.Launcher -Dexec.vmArgs= -Dexec.args=${exec.vmArgs} -classpath %classpath ${exec.mainClass} ${exec.appArgs} -Dexec.executable=java -Dexec.mainClass=TestConnection -Dexec.classpathScope=runtime -Dexec.appArgs= -Dmaven.ext.class.path=C:\Program Files\NetBeans-22\netbeans\java\maven-nblib\netbeans-eventspy.jar --no-transfer-progress process-classes org.codehaus.mojo:exec-maven-plugin:3.1.0:exec

Host: 12th Gen Intel(R) Core(TM) i5-1235U, 12 cores, 7G,  Windows 11 , 64 bit Build 26100 (10.0.26100.3323)
Time: Thu Mar 27 15:59:59 2025 SE Asia Standard Time elapsed time: 5.809560 seconds (0d 0h 0m 5s)

---------------  T H R E A D  ---------------

Current thread (0x0000023a5a811750):  JavaThread "C2 CompilerThread0" daemon [_thread_in_native, id=13516, stack(0x0000005275e00000,0x0000005275f00000) (1024K)]


Current CompileTask:
C2:5809 4146       4       java.lang.invoke.MethodType::makeImpl (109 bytes)

Stack: [0x0000005275e00000,0x0000005275f00000]
Native frames: (J=compiled Java code, j=interpreted, Vv=VM code, C=native code)
V  [jvm.dll+0x6e26e9]  (no source info available)
V  [jvm.dll+0x875753]  (no source info available)
V  [jvm.dll+0x877b7e]  (no source info available)
V  [jvm.dll+0x878253]  (no source info available)
V  [jvm.dll+0x27fc86]  (no source info available)
V  [jvm.dll+0xc3d0f]  (no source info available)
V  [jvm.dll+0xc3f6b]  (no source info available)
V  [jvm.dll+0x2f3c7f]  (no source info available)
V  [jvm.dll+0x60c0fa]  (no source info available)
V  [jvm.dll+0x250c92]  (no source info available)
V  [jvm.dll+0x249445]  (no source info available)
V  [jvm.dll+0x246da6]  (no source info available)
V  [jvm.dll+0x1c4e80]  (no source info available)
V  [jvm.dll+0x2568f3]  (no source info available)
V  [jvm.dll+0x254baa]  (no source info available)
V  [jvm.dll+0x3f57a6]  (no source info available)
V  [jvm.dll+0x81dc0b]  (no source info available)
V  [jvm.dll+0x6e0d85]  (no source info available)
C  [ucrtbase.dll+0x37b0]  (no source info available)
C  [KERNEL32.DLL+0x2e8d7]  (no source info available)
C  [ntdll.dll+0xbbf6c]  (no source info available)


---------------  P R O C E S S  ---------------

Threads class SMR info:
_java_thread_list=0x0000023aa08c5df0, length=12, elements={
0x0000023a3b758260, 0x0000023a5a170f20, 0x0000023a5a171980, 0x0000023a5a175e30,
0x0000023a5a1779d0, 0x0000023a5a1827b0, 0x0000023a5a810db0, 0x0000023a5a811750,
0x0000023a5a1859a0, 0x0000023a5a997280, 0x0000023a5a9a2120, 0x0000023aa06e7a10
}

Java Threads: ( => current thread )
  0x0000023a3b758260 JavaThread "main"                              [_thread_in_Java, id=20924, stack(0x0000005275000000,0x0000005275100000) (1024K)]
  0x0000023a5a170f20 JavaThread "Reference Handler"          daemon [_thread_blocked, id=10836, stack(0x0000005275800000,0x0000005275900000) (1024K)]
  0x0000023a5a171980 JavaThread "Finalizer"                  daemon [_thread_blocked, id=14772, stack(0x0000005275900000,0x0000005275a00000) (1024K)]
  0x0000023a5a175e30 JavaThread "Signal Dispatcher"          daemon [_thread_blocked, id=25260, stack(0x0000005275a00000,0x0000005275b00000) (1024K)]
  0x0000023a5a1779d0 JavaThread "Attach Listener"            daemon [_thread_blocked, id=9100, stack(0x0000005275b00000,0x0000005275c00000) (1024K)]
  0x0000023a5a1827b0 JavaThread "Service Thread"             daemon [_thread_blocked, id=14884, stack(0x0000005275c00000,0x0000005275d00000) (1024K)]
  0x0000023a5a810db0 JavaThread "Monitor Deflation Thread"   daemon [_thread_blocked, id=2084, stack(0x0000005275d00000,0x0000005275e00000) (1024K)]
=>0x0000023a5a811750 JavaThread "C2 CompilerThread0"         daemon [_thread_in_native, id=13516, stack(0x0000005275e00000,0x0000005275f00000) (1024K)]
  0x0000023a5a1859a0 JavaThread "C1 CompilerThread0"         daemon [_thread_blocked, id=18524, stack(0x0000005275f00000,0x0000005276000000) (1024K)]
  0x0000023a5a997280 JavaThread "Notification Thread"        daemon [_thread_blocked, id=22968, stack(0x0000005276000000,0x0000005276100000) (1024K)]
  0x0000023a5a9a2120 JavaThread "Common-Cleaner"             daemon [_thread_blocked, id=8992, stack(0x0000005276100000,0x0000005276200000) (1024K)]
  0x0000023aa06e7a10 JavaThread "C2 CompilerThread1"         daemon [_thread_in_native, id=4348, stack(0x0000005276200000,0x0000005276300000) (1024K)]
Total: 12

Other Threads:
  0x0000023a5a156a30 VMThread "VM Thread"                           [id=16648, stack(0x0000005275700000,0x0000005275800000) (1024K)]
  0x0000023a5a138720 WatcherThread "VM Periodic Task Thread"        [id=4556, stack(0x0000005275600000,0x0000005275700000) (1024K)]
  0x0000023a3db66410 WorkerThread "GC Thread#0"                     [id=23704, stack(0x0000005275100000,0x0000005275200000) (1024K)]
  0x0000023aa08d8e40 WorkerThread "GC Thread#1"                     [id=24824, stack(0x0000005276300000,0x0000005276400000) (1024K)]
  0x0000023aa07f9a20 WorkerThread "GC Thread#2"                     [id=13488, stack(0x0000005276400000,0x0000005276500000) (1024K)]
  0x0000023aa08c3620 WorkerThread "GC Thread#3"                     [id=24600, stack(0x0000005276500000,0x0000005276600000) (1024K)]
  0x0000023aa07c0620 WorkerThread "GC Thread#4"                     [id=1368, stack(0x0000005276600000,0x0000005276700000) (1024K)]
  0x0000023aa07c09d0 WorkerThread "GC Thread#5"                     [id=25100, stack(0x0000005276700000,0x0000005276800000) (1024K)]
  0x0000023aa07c0d80 WorkerThread "GC Thread#6"                     [id=23944, stack(0x0000005276800000,0x0000005276900000) (1024K)]
  0x0000023aa0e322d0 WorkerThread "GC Thread#7"                     [id=17352, stack(0x0000005276900000,0x0000005276a00000) (1024K)]
  0x0000023aa07c1130 WorkerThread "GC Thread#8"                     [id=17972, stack(0x0000005276a00000,0x0000005276b00000) (1024K)]
  0x0000023aa0d49660 WorkerThread "GC Thread#9"                     [id=23396, stack(0x0000005276b00000,0x0000005276c00000) (1024K)]
  0x0000023a3db768d0 ConcurrentGCThread "G1 Main Marker"            [id=14056, stack(0x0000005275200000,0x0000005275300000) (1024K)]
  0x0000023a3db772f0 WorkerThread "G1 Conc#0"                       [id=1240, stack(0x0000005275300000,0x0000005275400000) (1024K)]
  0x0000023a3dbce8a0 ConcurrentGCThread "G1 Refine#0"               [id=25088, stack(0x0000005275400000,0x0000005275500000) (1024K)]
  0x0000023a5a00bf90 ConcurrentGCThread "G1 Service"                [id=22284, stack(0x0000005275500000,0x0000005275600000) (1024K)]
Total: 16

Threads with active compile tasks:
C2 CompilerThread0  5881 4146       4       java.lang.invoke.MethodType::makeImpl (109 bytes)
C2 CompilerThread1  5881 4175 %     4       java.util.Properties$LineReader::readLine @ 224 (584 bytes)
Total: 2

VM state: not at safepoint (normal execution)

VM Mutex/Monitor currently owned by a thread: None

Heap address: 0x0000000085200000, size: 1966 MB, Compressed Oops mode: 32-bit

CDS archive(s) mapped at: [0x0000023a5b000000-0x0000023a5bc60000-0x0000023a5bc60000), size 12976128, SharedBaseAddress: 0x0000023a5b000000, ArchiveRelocationMode: 1.
Compressed class space mapped at: 0x0000023a5c000000-0x0000023a9c000000, reserved size: 1073741824
Narrow klass base: 0x0000023a5b000000, Narrow klass shift: 0, Narrow klass range: 0x41000000

GC Precious Log:
 CardTable entry size: 512
 Card Set container configuration: InlinePtr #cards 5 size 8 Array Of Cards #cards 12 size 40 Howl #buckets 4 coarsen threshold 1843 Howl Bitmap #cards 512 size 80 coarsen threshold 460 Card regions per heap region 1 cards per card region 2048
 CPUs: 12 total, 12 available
 Memory: 7860M
 Large Page Support: Disabled
 NUMA Support: Disabled
 Compressed Oops: Enabled (32-bit)
 Heap Region Size: 1M
 Heap Min Capacity: 8M
 Heap Initial Capacity: 124M
 Heap Max Capacity: 1966M
 Pre-touch: Disabled
 Parallel Workers: 10
 Concurrent Workers: 3
 Concurrent Refinement Workers: 10
 Periodic GC: Disabled

Heap:
 garbage-first heap   total reserved 2013184K, committed 126976K, used 19417K [0x0000000085200000, 0x0000000100000000)
  region size 1024K, 16 young (16384K), 7 survivors (7168K)
 Metaspace       used 16812K, committed 17088K, reserved 1114112K
  class space    used 1973K, committed 2112K, reserved 1048576K

Heap Regions: E=young(eden), S=young(survivor), O=old, HS=humongous(starts), HC=humongous(continues), CS=collection set, F=free, TAMS=top-at-mark-start, PB=parsable bottom
|   0|0x0000000085200000, 0x0000000085300000, 0x0000000085300000|100%| O|  |TAMS 0x0000000085200000| PB 0x0000000085200000| Untracked |  0
|   1|0x0000000085300000, 0x0000000085400000, 0x0000000085400000|100%| O|  |TAMS 0x0000000085300000| PB 0x0000000085300000| Untracked |  0
|   2|0x0000000085400000, 0x0000000085500000, 0x0000000085500000|100%| O|  |TAMS 0x0000000085400000| PB 0x0000000085400000| Untracked |  0
|   3|0x0000000085500000, 0x00000000855f64d8, 0x0000000085600000| 96%| O|  |TAMS 0x0000000085500000| PB 0x0000000085500000| Untracked |  0
|   4|0x0000000085600000, 0x0000000085600000, 0x0000000085700000|  0%| F|  |TAMS 0x0000000085600000| PB 0x0000000085600000| Untracked |  0
|   5|0x0000000085700000, 0x0000000085700000, 0x0000000085800000|  0%| F|  |TAMS 0x0000000085700000| PB 0x0000000085700000| Untracked |  0
|   6|0x0000000085800000, 0x0000000085800000, 0x0000000085900000|  0%| F|  |TAMS 0x0000000085800000| PB 0x0000000085800000| Untracked |  0
|   7|0x0000000085900000, 0x0000000085900000, 0x0000000085a00000|  0%| F|  |TAMS 0x0000000085900000| PB 0x0000000085900000| Untracked |  0
|   8|0x0000000085a00000, 0x0000000085a00000, 0x0000000085b00000|  0%| F|  |TAMS 0x0000000085a00000| PB 0x0000000085a00000| Untracked |  0
|   9|0x0000000085b00000, 0x0000000085b00000, 0x0000000085c00000|  0%| F|  |TAMS 0x0000000085b00000| PB 0x0000000085b00000| Untracked |  0
|  10|0x0000000085c00000, 0x0000000085c00000, 0x0000000085d00000|  0%| F|  |TAMS 0x0000000085c00000| PB 0x0000000085c00000| Untracked |  0
|  11|0x0000000085d00000, 0x0000000085d00000, 0x0000000085e00000|  0%| F|  |TAMS 0x0000000085d00000| PB 0x0000000085d00000| Untracked |  0
|  12|0x0000000085e00000, 0x0000000085e00000, 0x0000000085f00000|  0%| F|  |TAMS 0x0000000085e00000| PB 0x0000000085e00000| Untracked |  0
|  13|0x0000000085f00000, 0x0000000085f00000, 0x0000000086000000|  0%| F|  |TAMS 0x0000000085f00000| PB 0x0000000085f00000| Untracked |  0
|  14|0x0000000086000000, 0x0000000086000000, 0x0000000086100000|  0%| F|  |TAMS 0x0000000086000000| PB 0x0000000086000000| Untracked |  0
|  15|0x0000000086100000, 0x0000000086100000, 0x0000000086200000|  0%| F|  |TAMS 0x0000000086100000| PB 0x0000000086100000| Untracked |  0
|  16|0x0000000086200000, 0x0000000086200000, 0x0000000086300000|  0%| F|  |TAMS 0x0000000086200000| PB 0x0000000086200000| Untracked |  0
|  17|0x0000000086300000, 0x0000000086300000, 0x0000000086400000|  0%| F|  |TAMS 0x0000000086300000| PB 0x0000000086300000| Untracked |  0
|  18|0x0000000086400000, 0x0000000086400000, 0x0000000086500000|  0%| F|  |TAMS 0x0000000086400000| PB 0x0000000086400000| Untracked |  0
|  19|0x0000000086500000, 0x0000000086500000, 0x0000000086600000|  0%| F|  |TAMS 0x0000000086500000| PB 0x0000000086500000| Untracked |  0
|  20|0x0000000086600000, 0x0000000086600000, 0x0000000086700000|  0%| F|  |TAMS 0x0000000086600000| PB 0x0000000086600000| Untracked |  0
|  21|0x0000000086700000, 0x0000000086700000, 0x0000000086800000|  0%| F|  |TAMS 0x0000000086700000| PB 0x0000000086700000| Untracked |  0
|  22|0x0000000086800000, 0x0000000086800000, 0x0000000086900000|  0%| F|  |TAMS 0x0000000086800000| PB 0x0000000086800000| Untracked |  0
|  23|0x0000000086900000, 0x0000000086900000, 0x0000000086a00000|  0%| F|  |TAMS 0x0000000086900000| PB 0x0000000086900000| Untracked |  0
|  24|0x0000000086a00000, 0x0000000086a00000, 0x0000000086b00000|  0%| F|  |TAMS 0x0000000086a00000| PB 0x0000000086a00000| Untracked |  0
|  25|0x0000000086b00000, 0x0000000086b00000, 0x0000000086c00000|  0%| F|  |TAMS 0x0000000086b00000| PB 0x0000000086b00000| Untracked |  0
|  26|0x0000000086c00000, 0x0000000086c00000, 0x0000000086d00000|  0%| F|  |TAMS 0x0000000086c00000| PB 0x0000000086c00000| Untracked |  0
|  27|0x0000000086d00000, 0x0000000086d00000, 0x0000000086e00000|  0%| F|  |TAMS 0x0000000086d00000| PB 0x0000000086d00000| Untracked |  0
|  28|0x0000000086e00000, 0x0000000086e00000, 0x0000000086f00000|  0%| F|  |TAMS 0x0000000086e00000| PB 0x0000000086e00000| Untracked |  0
|  29|0x0000000086f00000, 0x0000000086f00000, 0x0000000087000000|  0%| F|  |TAMS 0x0000000086f00000| PB 0x0000000086f00000| Untracked |  0
|  30|0x0000000087000000, 0x0000000087000000, 0x0000000087100000|  0%| F|  |TAMS 0x0000000087000000| PB 0x0000000087000000| Untracked |  0
|  31|0x0000000087100000, 0x0000000087100000, 0x0000000087200000|  0%| F|  |TAMS 0x0000000087100000| PB 0x0000000087100000| Untracked |  0
|  32|0x0000000087200000, 0x0000000087200000, 0x0000000087300000|  0%| F|  |TAMS 0x0000000087200000| PB 0x0000000087200000| Untracked |  0
|  33|0x0000000087300000, 0x0000000087300000, 0x0000000087400000|  0%| F|  |TAMS 0x0000000087300000| PB 0x0000000087300000| Untracked |  0
|  34|0x0000000087400000, 0x0000000087400000, 0x0000000087500000|  0%| F|  |TAMS 0x0000000087400000| PB 0x0000000087400000| Untracked |  0
|  35|0x0000000087500000, 0x0000000087500000, 0x0000000087600000|  0%| F|  |TAMS 0x0000000087500000| PB 0x0000000087500000| Untracked |  0
|  36|0x0000000087600000, 0x0000000087600000, 0x0000000087700000|  0%| F|  |TAMS 0x0000000087600000| PB 0x0000000087600000| Untracked |  0
|  37|0x0000000087700000, 0x0000000087700000, 0x0000000087800000|  0%| F|  |TAMS 0x0000000087700000| PB 0x0000000087700000| Untracked |  0
|  38|0x0000000087800000, 0x0000000087800000, 0x0000000087900000|  0%| F|  |TAMS 0x0000000087800000| PB 0x0000000087800000| Untracked |  0
|  39|0x0000000087900000, 0x0000000087900000, 0x0000000087a00000|  0%| F|  |TAMS 0x0000000087900000| PB 0x0000000087900000| Untracked |  0
|  40|0x0000000087a00000, 0x0000000087a00000, 0x0000000087b00000|  0%| F|  |TAMS 0x0000000087a00000| PB 0x0000000087a00000| Untracked |  0
|  41|0x0000000087b00000, 0x0000000087b00000, 0x0000000087c00000|  0%| F|  |TAMS 0x0000000087b00000| PB 0x0000000087b00000| Untracked |  0
|  42|0x0000000087c00000, 0x0000000087c00000, 0x0000000087d00000|  0%| F|  |TAMS 0x0000000087c00000| PB 0x0000000087c00000| Untracked |  0
|  43|0x0000000087d00000, 0x0000000087e00000, 0x0000000087e00000|100%| S|CS|TAMS 0x0000000087d00000| PB 0x0000000087d00000| Complete |  0
|  44|0x0000000087e00000, 0x0000000087f00000, 0x0000000087f00000|100%| S|CS|TAMS 0x0000000087e00000| PB 0x0000000087e00000| Complete |  0
|  45|0x0000000087f00000, 0x0000000088000000, 0x0000000088000000|100%| S|CS|TAMS 0x0000000087f00000| PB 0x0000000087f00000| Complete |  0
|  46|0x0000000088000000, 0x0000000088100000, 0x0000000088100000|100%| S|CS|TAMS 0x0000000088000000| PB 0x0000000088000000| Complete |  0
|  47|0x0000000088100000, 0x0000000088200000, 0x0000000088200000|100%| S|CS|TAMS 0x0000000088100000| PB 0x0000000088100000| Complete |  0
|  48|0x0000000088200000, 0x0000000088300000, 0x0000000088300000|100%| S|CS|TAMS 0x0000000088200000| PB 0x0000000088200000| Complete |  0
|  49|0x0000000088300000, 0x0000000088400000, 0x0000000088400000|100%| S|CS|TAMS 0x0000000088300000| PB 0x0000000088300000| Complete |  0
|  50|0x0000000088400000, 0x0000000088400000, 0x0000000088500000|  0%| F|  |TAMS 0x0000000088400000| PB 0x0000000088400000| Untracked |  0
|  51|0x0000000088500000, 0x0000000088500000, 0x0000000088600000|  0%| F|  |TAMS 0x0000000088500000| PB 0x0000000088500000| Untracked |  0
|  52|0x0000000088600000, 0x0000000088600000, 0x0000000088700000|  0%| F|  |TAMS 0x0000000088600000| PB 0x0000000088600000| Untracked |  0
|  53|0x0000000088700000, 0x0000000088700000, 0x0000000088800000|  0%| F|  |TAMS 0x0000000088700000| PB 0x0000000088700000| Untracked |  0
|  54|0x0000000088800000, 0x0000000088800000, 0x0000000088900000|  0%| F|  |TAMS 0x0000000088800000| PB 0x0000000088800000| Untracked |  0
|  55|0x0000000088900000, 0x0000000088900000, 0x0000000088a00000|  0%| F|  |TAMS 0x0000000088900000| PB 0x0000000088900000| Untracked |  0
|  56|0x0000000088a00000, 0x0000000088a00000, 0x0000000088b00000|  0%| F|  |TAMS 0x0000000088a00000| PB 0x0000000088a00000| Untracked |  0
|  57|0x0000000088b00000, 0x0000000088b00000, 0x0000000088c00000|  0%| F|  |TAMS 0x0000000088b00000| PB 0x0000000088b00000| Untracked |  0
|  58|0x0000000088c00000, 0x0000000088c00000, 0x0000000088d00000|  0%| F|  |TAMS 0x0000000088c00000| PB 0x0000000088c00000| Untracked |  0
|  59|0x0000000088d00000, 0x0000000088d00000, 0x0000000088e00000|  0%| F|  |TAMS 0x0000000088d00000| PB 0x0000000088d00000| Untracked |  0
|  60|0x0000000088e00000, 0x0000000088e00000, 0x0000000088f00000|  0%| F|  |TAMS 0x0000000088e00000| PB 0x0000000088e00000| Untracked |  0
|  61|0x0000000088f00000, 0x0000000088f00000, 0x0000000089000000|  0%| F|  |TAMS 0x0000000088f00000| PB 0x0000000088f00000| Untracked |  0
|  62|0x0000000089000000, 0x0000000089000000, 0x0000000089100000|  0%| F|  |TAMS 0x0000000089000000| PB 0x0000000089000000| Untracked |  0
|  63|0x0000000089100000, 0x0000000089100000, 0x0000000089200000|  0%| F|  |TAMS 0x0000000089100000| PB 0x0000000089100000| Untracked |  0
|  64|0x0000000089200000, 0x0000000089200000, 0x0000000089300000|  0%| F|  |TAMS 0x0000000089200000| PB 0x0000000089200000| Untracked |  0
|  65|0x0000000089300000, 0x0000000089300000, 0x0000000089400000|  0%| F|  |TAMS 0x0000000089300000| PB 0x0000000089300000| Untracked |  0
|  66|0x0000000089400000, 0x0000000089400000, 0x0000000089500000|  0%| F|  |TAMS 0x0000000089400000| PB 0x0000000089400000| Untracked |  0
|  67|0x0000000089500000, 0x0000000089500000, 0x0000000089600000|  0%| F|  |TAMS 0x0000000089500000| PB 0x0000000089500000| Untracked |  0
|  68|0x0000000089600000, 0x0000000089600000, 0x0000000089700000|  0%| F|  |TAMS 0x0000000089600000| PB 0x0000000089600000| Untracked |  0
|  69|0x0000000089700000, 0x0000000089700000, 0x0000000089800000|  0%| F|  |TAMS 0x0000000089700000| PB 0x0000000089700000| Untracked |  0
|  70|0x0000000089800000, 0x0000000089800000, 0x0000000089900000|  0%| F|  |TAMS 0x0000000089800000| PB 0x0000000089800000| Untracked |  0
|  71|0x0000000089900000, 0x0000000089900000, 0x0000000089a00000|  0%| F|  |TAMS 0x0000000089900000| PB 0x0000000089900000| Untracked |  0
|  72|0x0000000089a00000, 0x0000000089a00000, 0x0000000089b00000|  0%| F|  |TAMS 0x0000000089a00000| PB 0x0000000089a00000| Untracked |  0
|  73|0x0000000089b00000, 0x0000000089b00000, 0x0000000089c00000|  0%| F|  |TAMS 0x0000000089b00000| PB 0x0000000089b00000| Untracked |  0
|  74|0x0000000089c00000, 0x0000000089c00000, 0x0000000089d00000|  0%| F|  |TAMS 0x0000000089c00000| PB 0x0000000089c00000| Untracked |  0
|  75|0x0000000089d00000, 0x0000000089d00000, 0x0000000089e00000|  0%| F|  |TAMS 0x0000000089d00000| PB 0x0000000089d00000| Untracked |  0
|  76|0x0000000089e00000, 0x0000000089e00000, 0x0000000089f00000|  0%| F|  |TAMS 0x0000000089e00000| PB 0x0000000089e00000| Untracked |  0
|  77|0x0000000089f00000, 0x0000000089f00000, 0x000000008a000000|  0%| F|  |TAMS 0x0000000089f00000| PB 0x0000000089f00000| Untracked |  0
|  78|0x000000008a000000, 0x000000008a000000, 0x000000008a100000|  0%| F|  |TAMS 0x000000008a000000| PB 0x000000008a000000| Untracked |  0
|  79|0x000000008a100000, 0x000000008a100000, 0x000000008a200000|  0%| F|  |TAMS 0x000000008a100000| PB 0x000000008a100000| Untracked |  0
|  80|0x000000008a200000, 0x000000008a200000, 0x000000008a300000|  0%| F|  |TAMS 0x000000008a200000| PB 0x000000008a200000| Untracked |  0
|  81|0x000000008a300000, 0x000000008a300000, 0x000000008a400000|  0%| F|  |TAMS 0x000000008a300000| PB 0x000000008a300000| Untracked |  0
|  82|0x000000008a400000, 0x000000008a400000, 0x000000008a500000|  0%| F|  |TAMS 0x000000008a400000| PB 0x000000008a400000| Untracked |  0
|  83|0x000000008a500000, 0x000000008a500000, 0x000000008a600000|  0%| F|  |TAMS 0x000000008a500000| PB 0x000000008a500000| Untracked |  0
|  84|0x000000008a600000, 0x000000008a600000, 0x000000008a700000|  0%| F|  |TAMS 0x000000008a600000| PB 0x000000008a600000| Untracked |  0
|  85|0x000000008a700000, 0x000000008a700000, 0x000000008a800000|  0%| F|  |TAMS 0x000000008a700000| PB 0x000000008a700000| Untracked |  0
|  86|0x000000008a800000, 0x000000008a800000, 0x000000008a900000|  0%| F|  |TAMS 0x000000008a800000| PB 0x000000008a800000| Untracked |  0
|  87|0x000000008a900000, 0x000000008a900000, 0x000000008aa00000|  0%| F|  |TAMS 0x000000008a900000| PB 0x000000008a900000| Untracked |  0
|  88|0x000000008aa00000, 0x000000008aa00000, 0x000000008ab00000|  0%| F|  |TAMS 0x000000008aa00000| PB 0x000000008aa00000| Untracked |  0
|  89|0x000000008ab00000, 0x000000008ab00000, 0x000000008ac00000|  0%| F|  |TAMS 0x000000008ab00000| PB 0x000000008ab00000| Untracked |  0
|  90|0x000000008ac00000, 0x000000008ac00000, 0x000000008ad00000|  0%| F|  |TAMS 0x000000008ac00000| PB 0x000000008ac00000| Untracked |  0
|  91|0x000000008ad00000, 0x000000008ad00000, 0x000000008ae00000|  0%| F|  |TAMS 0x000000008ad00000| PB 0x000000008ad00000| Untracked |  0
|  92|0x000000008ae00000, 0x000000008ae00000, 0x000000008af00000|  0%| F|  |TAMS 0x000000008ae00000| PB 0x000000008ae00000| Untracked |  0
|  93|0x000000008af00000, 0x000000008af00000, 0x000000008b000000|  0%| F|  |TAMS 0x000000008af00000| PB 0x000000008af00000| Untracked |  0
|  94|0x000000008b000000, 0x000000008b000000, 0x000000008b100000|  0%| F|  |TAMS 0x000000008b000000| PB 0x000000008b000000| Untracked |  0
|  95|0x000000008b100000, 0x000000008b100000, 0x000000008b200000|  0%| F|  |TAMS 0x000000008b100000| PB 0x000000008b100000| Untracked |  0
|  96|0x000000008b200000, 0x000000008b200000, 0x000000008b300000|  0%| F|  |TAMS 0x000000008b200000| PB 0x000000008b200000| Untracked |  0
|  97|0x000000008b300000, 0x000000008b300000, 0x000000008b400000|  0%| F|  |TAMS 0x000000008b300000| PB 0x000000008b300000| Untracked |  0
|  98|0x000000008b400000, 0x000000008b400000, 0x000000008b500000|  0%| F|  |TAMS 0x000000008b400000| PB 0x000000008b400000| Untracked |  0
|  99|0x000000008b500000, 0x000000008b500000, 0x000000008b600000|  0%| F|  |TAMS 0x000000008b500000| PB 0x000000008b500000| Untracked |  0
| 100|0x000000008b600000, 0x000000008b600000, 0x000000008b700000|  0%| F|  |TAMS 0x000000008b600000| PB 0x000000008b600000| Untracked |  0
| 101|0x000000008b700000, 0x000000008b700000, 0x000000008b800000|  0%| F|  |TAMS 0x000000008b700000| PB 0x000000008b700000| Untracked |  0
| 102|0x000000008b800000, 0x000000008b800000, 0x000000008b900000|  0%| F|  |TAMS 0x000000008b800000| PB 0x000000008b800000| Untracked |  0
| 103|0x000000008b900000, 0x000000008b900000, 0x000000008ba00000|  0%| F|  |TAMS 0x000000008b900000| PB 0x000000008b900000| Untracked |  0
| 104|0x000000008ba00000, 0x000000008ba00000, 0x000000008bb00000|  0%| F|  |TAMS 0x000000008ba00000| PB 0x000000008ba00000| Untracked |  0
| 105|0x000000008bb00000, 0x000000008bb00000, 0x000000008bc00000|  0%| F|  |TAMS 0x000000008bb00000| PB 0x000000008bb00000| Untracked |  0
| 106|0x000000008bc00000, 0x000000008bc00000, 0x000000008bd00000|  0%| F|  |TAMS 0x000000008bc00000| PB 0x000000008bc00000| Untracked |  0
| 107|0x000000008bd00000, 0x000000008bd00000, 0x000000008be00000|  0%| F|  |TAMS 0x000000008bd00000| PB 0x000000008bd00000| Untracked |  0
| 108|0x000000008be00000, 0x000000008be00000, 0x000000008bf00000|  0%| F|  |TAMS 0x000000008be00000| PB 0x000000008be00000| Untracked |  0
| 109|0x000000008bf00000, 0x000000008bf00000, 0x000000008c000000|  0%| F|  |TAMS 0x000000008bf00000| PB 0x000000008bf00000| Untracked |  0
| 110|0x000000008c000000, 0x000000008c000000, 0x000000008c100000|  0%| F|  |TAMS 0x000000008c000000| PB 0x000000008c000000| Untracked |  0
| 111|0x000000008c100000, 0x000000008c100000, 0x000000008c200000|  0%| F|  |TAMS 0x000000008c100000| PB 0x000000008c100000| Untracked |  0
| 112|0x000000008c200000, 0x000000008c200000, 0x000000008c300000|  0%| F|  |TAMS 0x000000008c200000| PB 0x000000008c200000| Untracked |  0
| 113|0x000000008c300000, 0x000000008c300000, 0x000000008c400000|  0%| F|  |TAMS 0x000000008c300000| PB 0x000000008c300000| Untracked |  0
| 114|0x000000008c400000, 0x000000008c400000, 0x000000008c500000|  0%| F|  |TAMS 0x000000008c400000| PB 0x000000008c400000| Untracked |  0
| 115|0x000000008c500000, 0x000000008c580000, 0x000000008c600000| 50%| E|  |TAMS 0x000000008c500000| PB 0x000000008c500000| Complete |  0
| 116|0x000000008c600000, 0x000000008c700000, 0x000000008c700000|100%| E|CS|TAMS 0x000000008c600000| PB 0x000000008c600000| Complete |  0
| 117|0x000000008c700000, 0x000000008c800000, 0x000000008c800000|100%| E|CS|TAMS 0x000000008c700000| PB 0x000000008c700000| Complete |  0
| 118|0x000000008c800000, 0x000000008c900000, 0x000000008c900000|100%| E|CS|TAMS 0x000000008c800000| PB 0x000000008c800000| Complete |  0
| 119|0x000000008c900000, 0x000000008ca00000, 0x000000008ca00000|100%| E|CS|TAMS 0x000000008c900000| PB 0x000000008c900000| Complete |  0
| 120|0x000000008ca00000, 0x000000008cb00000, 0x000000008cb00000|100%| E|CS|TAMS 0x000000008ca00000| PB 0x000000008ca00000| Complete |  0
| 121|0x000000008cb00000, 0x000000008cc00000, 0x000000008cc00000|100%| E|CS|TAMS 0x000000008cb00000| PB 0x000000008cb00000| Complete |  0
| 122|0x000000008cc00000, 0x000000008cd00000, 0x000000008cd00000|100%| E|CS|TAMS 0x000000008cc00000| PB 0x000000008cc00000| Complete |  0
| 123|0x000000008cd00000, 0x000000008ce00000, 0x000000008ce00000|100%| E|CS|TAMS 0x000000008cd00000| PB 0x000000008cd00000| Complete |  0

Card table byte_map: [0x0000023a557a0000,0x0000023a55b80000] _byte_map_base: 0x0000023a55377000

Marking Bits: (CMBitMap*) 0x0000023a3db66a30
 Bits: [0x0000023a55b80000, 0x0000023a57a38000)

Polling page: 0x0000023a3ba40000

Metaspace:

Usage:
  Non-class:     14.49 MB used.
      Class:      1.93 MB used.
       Both:     16.42 MB used.

Virtual space:
  Non-class space:       64.00 MB reserved,      14.62 MB ( 23%) committed,  1 nodes.
      Class space:        1.00 GB reserved,       2.06 MB ( <1%) committed,  1 nodes.
             Both:        1.06 GB reserved,      16.69 MB (  2%) committed. 

Chunk freelists:
   Non-Class:  1.19 MB
       Class:  13.81 MB
        Both:  15.01 MB

MaxMetaspaceSize: unlimited
CompressedClassSpaceSize: 1.00 GB
Initial GC threshold: 21.00 MB
Current GC threshold: 21.00 MB
CDS: on
 - commit_granule_bytes: 65536.
 - commit_granule_words: 8192.
 - virtual_space_node_default_size: 8388608.
 - enlarge_chunks_in_place: 1.
 - use_allocation_guard: 0.


Internal statistics:

num_allocs_failed_limit: 0.
num_arena_births: 178.
num_arena_deaths: 0.
num_vsnodes_births: 2.
num_vsnodes_deaths: 0.
num_space_committed: 267.
num_space_uncommitted: 0.
num_chunks_returned_to_freelist: 0.
num_chunks_taken_from_freelist: 749.
num_chunk_merges: 0.
num_chunk_splits: 515.
num_chunks_enlarged: 420.
num_inconsistent_stats: 0.

CodeHeap 'non-profiled nmethods': size=120000Kb used=2033Kb max_used=2033Kb free=117966Kb
 bounds [0x0000023a4d930000, 0x0000023a4dba0000, 0x0000023a54e60000]
CodeHeap 'profiled nmethods': size=120000Kb used=8361Kb max_used=8361Kb free=111638Kb
 bounds [0x0000023a45e60000, 0x0000023a46690000, 0x0000023a4d390000]
CodeHeap 'non-nmethods': size=5760Kb used=1413Kb max_used=1465Kb free=4346Kb
 bounds [0x0000023a4d390000, 0x0000023a4d600000, 0x0000023a4d930000]
 total_blobs=4721 nmethods=4219 adapters=405
 compilation: enabled
              stopped_count=0, restarted_count=0
 full_count=0

Compilation events (20 events):
Event: 4.786 Thread 0x0000023a5a1859a0 4179       3       org.eclipse.aether.repository.RemoteRepository::copy (37 bytes)
Event: 4.787 Thread 0x0000023a5a1859a0 nmethod 4179 0x0000023a4666f610 code [0x0000023a4666f840, 0x0000023a46670150]
Event: 4.787 Thread 0x0000023a5a1859a0 4181   !   3       java.util.AbstractMap::equals (145 bytes)
Event: 4.787 Thread 0x0000023a5a1859a0 nmethod 4181 0x0000023a46670410 code [0x0000023a466706e0, 0x0000023a46671780]
Event: 4.787 Thread 0x0000023a5a1859a0 4180       3       java.util.Collections$UnmodifiableMap::equals (24 bytes)
Event: 4.787 Thread 0x0000023a5a1859a0 nmethod 4180 0x0000023a46671c10 code [0x0000023a46671dc0, 0x0000023a46672018]
Event: 4.792 Thread 0x0000023a5a1859a0 4182       3       java.util.LinkedHashSet::<init> (10 bytes)
Event: 4.792 Thread 0x0000023a5a1859a0 nmethod 4182 0x0000023a46672110 code [0x0000023a466722e0, 0x0000023a46672438]
Event: 4.792 Thread 0x0000023a5a1859a0 4183       3       org.apache.maven.model.merge.ModelMerger::mergeBuildBase_Resources (26 bytes)
Event: 4.793 Thread 0x0000023a5a1859a0 nmethod 4183 0x0000023a46672510 code [0x0000023a46672760, 0x0000023a466732e8]
Event: 4.793 Thread 0x0000023a5a1859a0 4184       1       java.util.Collections$EmptySet::isEmpty (2 bytes)
Event: 4.793 Thread 0x0000023a5a1859a0 nmethod 4184 0x0000023a4db19b90 code [0x0000023a4db19d20, 0x0000023a4db19de8]
Event: 4.799 Thread 0x0000023a5a1859a0 4185       3       java.util.Collections::singleton (9 bytes)
Event: 4.799 Thread 0x0000023a5a1859a0 nmethod 4185 0x0000023a46673690 code [0x0000023a46673840, 0x0000023a46673b58]
Event: 4.799 Thread 0x0000023a5a1859a0 4186       3       java.util.Collections$SingletonSet::<init> (10 bytes)
Event: 4.799 Thread 0x0000023a5a1859a0 nmethod 4186 0x0000023a46673c90 code [0x0000023a46673e40, 0x0000023a466740c0]
Event: 4.802 Thread 0x0000023a5a1859a0 4188       3       java.util.stream.Collectors::uniqKeysMapAccumulator (8 bytes)
Event: 4.802 Thread 0x0000023a5a1859a0 nmethod 4188 0x0000023a46674210 code [0x0000023a46674400, 0x0000023a46674ae0]
Event: 4.802 Thread 0x0000023a5a1859a0 4187   !   3       org.apache.maven.model.DistributionManagement::clone (145 bytes)
Event: 5.806 Thread 0x0000023a5a1859a0 nmethod 4187 0x0000023a46674d10 code [0x0000023a46675040, 0x0000023a46676178]

GC Heap History (6 events):
Event: 0.581 GC heap before
{Heap before GC invocations=0 (full 0):
 garbage-first heap   total reserved 2013184K, committed 126976K, used 23552K [0x0000000085200000, 0x0000000100000000)
  region size 1024K, 24 young (24576K), 0 survivors (0K)
 Metaspace       used 5731K, committed 5888K, reserved 1114112K
  class space    used 677K, committed 768K, reserved 1048576K
}
Event: 0.587 GC heap after
{Heap after GC invocations=1 (full 0):
 garbage-first heap   total reserved 2013184K, committed 126976K, used 3952K [0x0000000085200000, 0x0000000100000000)
  region size 1024K, 3 young (3072K), 3 survivors (3072K)
 Metaspace       used 5731K, committed 5888K, reserved 1114112K
  class space    used 677K, committed 768K, reserved 1048576K
}
Event: 1.167 GC heap before
{Heap before GC invocations=1 (full 0):
 garbage-first heap   total reserved 2013184K, committed 126976K, used 36720K [0x0000000085200000, 0x0000000100000000)
  region size 1024K, 35 young (35840K), 3 survivors (3072K)
 Metaspace       used 10798K, committed 11008K, reserved 1114112K
  class space    used 1308K, committed 1408K, reserved 1048576K
}
Event: 1.174 GC heap after
{Heap after GC invocations=2 (full 0):
 garbage-first heap   total reserved 2013184K, committed 126976K, used 6380K [0x0000000085200000, 0x0000000100000000)
  region size 1024K, 3 young (3072K), 3 survivors (3072K)
 Metaspace       used 10798K, committed 11008K, reserved 1114112K
  class space    used 1308K, committed 1408K, reserved 1048576K
}
Event: 2.570 GC heap before
{Heap before GC invocations=2 (full 0):
 garbage-first heap   total reserved 2013184K, committed 126976K, used 79084K [0x0000000085200000, 0x0000000100000000)
  region size 1024K, 74 young (75776K), 3 survivors (3072K)
 Metaspace       used 16743K, committed 17088K, reserved 1114112K
  class space    used 1972K, committed 2112K, reserved 1048576K
}
Event: 2.689 GC heap after
{Heap after GC invocations=3 (full 0):
 garbage-first heap   total reserved 2013184K, committed 126976K, used 11225K [0x0000000085200000, 0x0000000100000000)
  region size 1024K, 7 young (7168K), 7 survivors (7168K)
 Metaspace       used 16743K, committed 17088K, reserved 1114112K
  class space    used 1972K, committed 2112K, reserved 1048576K
}

Dll operation events (8 events):
Event: 0.009 Loaded shared library C:\Program Files\Java\jdk-22\bin\java.dll
Event: 0.034 Loaded shared library C:\Program Files\Java\jdk-22\bin\jsvml.dll
Event: 0.050 Loaded shared library C:\Program Files\Java\jdk-22\bin\net.dll
Event: 0.052 Loaded shared library C:\Program Files\Java\jdk-22\bin\nio.dll
Event: 0.054 Loaded shared library C:\Program Files\Java\jdk-22\bin\zip.dll
Event: 0.151 Loaded shared library C:\Program Files\Java\jdk-22\bin\jimage.dll
Event: 0.210 Loaded shared library C:\Program Files\NetBeans-22\netbeans\java\maven\lib\jansi-native\Windows\x86_64\jansi.dll
Event: 0.219 Loaded shared library C:\Program Files\Java\jdk-22\bin\verify.dll

Deoptimization events (20 events):
Event: 2.511 Thread 0x0000023a3b758260 Uncommon trap: trap_request=0xffffffbe fr.pc=0x0000023a4db0e5d0 relative=0x0000000000001110
Event: 2.511 Thread 0x0000023a3b758260 Uncommon trap: reason=profile_predicate action=maybe_recompile pc=0x0000023a4db0e5d0 method=java.util.concurrent.ConcurrentHashMap.putAll(Ljava/util/Map;)V @ 28 c2
Event: 2.511 Thread 0x0000023a3b758260 DEOPT PACKING pc=0x0000023a4db0e5d0 sp=0x00000052750fcd60
Event: 2.511 Thread 0x0000023a3b758260 DEOPT UNPACKING pc=0x0000023a4d3e46a2 sp=0x00000052750fcd40 mode 2
Event: 2.511 Thread 0x0000023a3b758260 Uncommon trap: trap_request=0xffffffbe fr.pc=0x0000023a4db0e5d0 relative=0x0000000000001110
Event: 2.511 Thread 0x0000023a3b758260 Uncommon trap: reason=profile_predicate action=maybe_recompile pc=0x0000023a4db0e5d0 method=java.util.concurrent.ConcurrentHashMap.putAll(Ljava/util/Map;)V @ 28 c2
Event: 2.511 Thread 0x0000023a3b758260 DEOPT PACKING pc=0x0000023a4db0e5d0 sp=0x00000052750fcfb0
Event: 2.511 Thread 0x0000023a3b758260 DEOPT UNPACKING pc=0x0000023a4d3e46a2 sp=0x00000052750fcf90 mode 2
Event: 2.691 Thread 0x0000023a3b758260 Uncommon trap: trap_request=0xffffff45 fr.pc=0x0000023a4d9e4ac4 relative=0x00000000000000a4
Event: 2.691 Thread 0x0000023a3b758260 Uncommon trap: reason=unstable_if action=reinterpret pc=0x0000023a4d9e4ac4 method=java.lang.ref.ReferenceQueue.poll()Ljava/lang/ref/Reference; @ 4 c2
Event: 2.691 Thread 0x0000023a3b758260 DEOPT PACKING pc=0x0000023a4d9e4ac4 sp=0x00000052750fd140
Event: 2.692 Thread 0x0000023a3b758260 DEOPT UNPACKING pc=0x0000023a4d3e46a2 sp=0x00000052750fd028 mode 2
Event: 2.692 Thread 0x0000023a3b758260 Uncommon trap: trap_request=0xffffff45 fr.pc=0x0000023a4d9b11f0 relative=0x0000000000000070
Event: 2.692 Thread 0x0000023a3b758260 Uncommon trap: reason=unstable_if action=reinterpret pc=0x0000023a4d9b11f0 method=java.lang.ref.ReferenceQueue.poll()Ljava/lang/ref/Reference; @ 4 c2
Event: 2.692 Thread 0x0000023a3b758260 DEOPT PACKING pc=0x0000023a4d9b11f0 sp=0x00000052750fd080
Event: 2.692 Thread 0x0000023a3b758260 DEOPT UNPACKING pc=0x0000023a4d3e46a2 sp=0x00000052750fd010 mode 2
Event: 2.707 Thread 0x0000023a3b758260 Uncommon trap: trap_request=0xffffff45 fr.pc=0x0000023a4d9cf314 relative=0x00000000000006b4
Event: 2.707 Thread 0x0000023a3b758260 Uncommon trap: reason=unstable_if action=reinterpret pc=0x0000023a4d9cf314 method=java.lang.AbstractStringBuilder.append(Ljava/lang/String;)Ljava/lang/AbstractStringBuilder; @ 1 c2
Event: 2.707 Thread 0x0000023a3b758260 DEOPT PACKING pc=0x0000023a4d9cf314 sp=0x00000052750fc7d0
Event: 4.724 Thread 0x0000023a3b758260 DEOPT UNPACKING pc=0x0000023a4d3e46a2 sp=0x00000052750fc760 mode 2

Classes loaded (20 events):
Event: 1.901 Loading class sun/nio/cs/ISO_8859_1$Decoder
Event: 1.901 Loading class sun/nio/cs/ISO_8859_1$Decoder done
Event: 2.174 Loading class org/w3c/dom/Node
Event: 2.174 Loading class org/w3c/dom/Node done
Event: 2.174 Loading class javax/xml/parsers/ParserConfigurationException
Event: 2.175 Loading class javax/xml/parsers/ParserConfigurationException done
Event: 2.175 Loading class org/xml/sax/SAXException
Event: 2.175 Loading class org/xml/sax/SAXException done
Event: 2.175 Loading class org/w3c/dom/Document
Event: 2.175 Loading class org/w3c/dom/Document done
Event: 2.175 Loading class org/w3c/dom/Element
Event: 2.175 Loading class org/w3c/dom/Element done
Event: 2.201 Loading class java/net/URISyntaxException
Event: 2.201 Loading class java/net/URISyntaxException done
Event: 2.210 Loading class jdk/internal/reflect/MethodHandleBooleanFieldAccessorImpl
Event: 2.210 Loading class jdk/internal/reflect/MethodHandleBooleanFieldAccessorImpl done
Event: 2.227 Loading class java/nio/file/attribute/PosixFileAttributes
Event: 2.227 Loading class java/nio/file/attribute/PosixFileAttributes done
Event: 2.327 Loading class java/util/Collections$UnmodifiableList$1
Event: 2.327 Loading class java/util/Collections$UnmodifiableList$1 done

Classes unloaded (0 events):
No events

Classes redefined (0 events):
No events

Internal exceptions (20 events):
Event: 1.175 Thread 0x0000023a3b758260 Exception <a 'java/lang/NoSuchMethodError'{0x000000008cd0b530}: 'int java.lang.invoke.DirectMethodHandle$Holder.invokeSpecial(java.lang.Object, java.lang.Object, java.lang.Object, int)'> (0x000000008cd0b530) 
thrown [s\open\src\hotspot\share\interpreter\linkResolver.cpp, line 774]
Event: 1.178 Thread 0x0000023a3b758260 Implicit null exception at 0x0000023a4d9b4d3a to 0x0000023a4d9b4f34
Event: 1.179 Thread 0x0000023a3b758260 Exception <a 'java/lang/NoSuchMethodError'{0x000000008cd2fc58}: 'java.lang.Object java.lang.invoke.Invokers$Holder.invokeExact_MT(java.lang.Object, int, java.lang.Object)'> (0x000000008cd2fc58) 
thrown [s\open\src\hotspot\share\interpreter\linkResolver.cpp, line 774]
Event: 1.185 Thread 0x0000023a3b758260 Exception <a 'java/lang/NoSuchMethodError'{0x000000008cdee458}: 'void java.lang.invoke.DirectMethodHandle$Holder.invokeStatic(java.lang.Object, java.lang.Object)'> (0x000000008cdee458) 
thrown [s\open\src\hotspot\share\interpreter\linkResolver.cpp, line 774]
Event: 1.340 Thread 0x0000023a3b758260 Exception <a 'java/lang/NoSuchMethodError'{0x000000008c5776b0}: 'void java.lang.invoke.Invokers$Holder.invokeExact_MT(java.lang.Object, java.lang.Object, java.lang.Object, java.lang.Object)'> (0x000000008c5776b0) 
thrown [s\open\src\hotspot\share\interpreter\linkResolver.cpp, line 774]
Event: 1.354 Thread 0x0000023a3b758260 Exception <a 'java/lang/NoClassDefFoundError'{0x000000008c401100}: com/google/inject/servlet/ServletModuleTargetVisitor> (0x000000008c401100) 
thrown [s\open\src\hotspot\share\classfile\systemDictionary.cpp, line 302]
Event: 1.411 Thread 0x0000023a3b758260 Exception <a 'java/lang/NoSuchMethodError'{0x000000008c2be658}: 'void java.lang.invoke.DirectMethodHandle$Holder.invokeVirtual(java.lang.Object, java.lang.Object)'> (0x000000008c2be658) 
thrown [s\open\src\hotspot\share\interpreter\linkResolver.cpp, line 774]
Event: 1.443 Thread 0x0000023a3b758260 Exception <a 'java/lang/NoSuchMethodError'{0x000000008c14c7a0}: 'java.lang.Object java.lang.invoke.DirectMethodHandle$Holder.invokeStaticInit(java.lang.Object, int, int, int, int)'> (0x000000008c14c7a0) 
thrown [s\open\src\hotspot\share\interpreter\linkResolver.cpp, line 774]
Event: 1.602 Thread 0x0000023a3b758260 Exception <a 'java/lang/NoSuchMethodError'{0x000000008bb64ec0}: 'void java.lang.invoke.DirectMethodHandle$Holder.invokeVirtual(java.lang.Object, java.lang.Object, int)'> (0x000000008bb64ec0) 
thrown [s\open\src\hotspot\share\interpreter\linkResolver.cpp, line 774]
Event: 1.602 Thread 0x0000023a3b758260 Exception <a 'java/lang/NoSuchMethodError'{0x000000008bb6c078}: 'void java.lang.invoke.DelegatingMethodHandle$Holder.reinvoke_L(java.lang.Object, java.lang.Object, int)'> (0x000000008bb6c078) 
thrown [s\open\src\hotspot\share\interpreter\linkResolver.cpp, line 774]
Event: 1.803 Thread 0x0000023a3b758260 Implicit null exception at 0x0000023a4d9e5718 to 0x0000023a4d9e5908
Event: 1.803 Thread 0x0000023a3b758260 Implicit null exception at 0x0000023a4da16ee9 to 0x0000023a4da1768c
Event: 1.804 Thread 0x0000023a3b758260 Implicit null exception at 0x0000023a4d9e6118 to 0x0000023a4d9e62f4
Event: 1.804 Thread 0x0000023a3b758260 Implicit null exception at 0x0000023a4d9c5bbd to 0x0000023a4d9c5c3d
Event: 1.969 Thread 0x0000023a3b758260 Implicit null exception at 0x0000023a4da9c03c to 0x0000023a4da9c24c
Event: 2.000 Thread 0x0000023a3b758260 Exception <a 'java/lang/NoSuchMethodError'{0x000000008a19e6e0}: 'java.lang.Object java.lang.invoke.DirectMethodHandle$Holder.newInvokeSpecial(java.lang.Object, java.lang.Object, java.lang.Object, java.lang.Object, java.lang.Object, java.lang.Object, java.lang.Object)'> (0x000000008a19e6e0) 
thrown [s\open\src\hotspot\share\interpreter\linkResolver.cpp, line 774]
Event: 2.194 Thread 0x0000023a3b758260 Exception <a 'java/lang/NoSuchMethodError'{0x0000000089773e60}: 'java.lang.Object java.lang.invoke.DirectMethodHandle$Holder.invokeVirtual(java.lang.Object, java.lang.Object, java.lang.Object)'> (0x0000000089773e60) 
thrown [s\open\src\hotspot\share\interpreter\linkResolver.cpp, line 774]
Event: 2.194 Thread 0x0000023a3b758260 Exception <a 'java/lang/NoSuchMethodError'{0x000000008977a828}: 'void java.lang.invoke.DirectMethodHandle$Holder.invokeSpecial(java.lang.Object, java.lang.Object, java.lang.Object, java.lang.Object, java.lang.Object, java.lang.Object)'> (0x000000008977a828) 
thrown [s\open\src\hotspot\share\interpreter\linkResolver.cpp, line 774]
Event: 2.195 Thread 0x0000023a3b758260 Exception <a 'java/lang/NoSuchMethodError'{0x0000000089784d90}: 'int java.lang.invoke.DirectMethodHandle$Holder.invokeVirtual(java.lang.Object, java.lang.Object)'> (0x0000000089784d90) 
thrown [s\open\src\hotspot\share\interpreter\linkResolver.cpp, line 774]
Event: 2.707 Thread 0x0000023a3b758260 Implicit null exception at 0x0000023a4d9ceca4 to 0x0000023a4d9cf2fc

ZGC Phase Switch (0 events):
No events

VM Operations (20 events):
Event: 1.420 Executing VM operation: HandshakeAllThreads (Deoptimize)
Event: 1.420 Executing VM operation: HandshakeAllThreads (Deoptimize) done
Event: 1.453 Executing VM operation: HandshakeAllThreads (Deoptimize)
Event: 1.453 Executing VM operation: HandshakeAllThreads (Deoptimize) done
Event: 1.474 Executing VM operation: HandshakeAllThreads (Deoptimize)
Event: 1.474 Executing VM operation: HandshakeAllThreads (Deoptimize) done
Event: 1.528 Executing VM operation: HandshakeAllThreads (Deoptimize)
Event: 1.528 Executing VM operation: HandshakeAllThreads (Deoptimize) done
Event: 1.817 Executing VM operation: ICBufferFull
Event: 1.817 Executing VM operation: ICBufferFull done
Event: 2.094 Executing VM operation: ICBufferFull
Event: 2.094 Executing VM operation: ICBufferFull done
Event: 2.320 Executing VM operation: ICBufferFull
Event: 2.320 Executing VM operation: ICBufferFull done
Event: 2.570 Executing VM operation: G1CollectForAllocation (G1 Evacuation Pause)
Event: 2.689 Executing VM operation: G1CollectForAllocation (G1 Evacuation Pause) done
Event: 3.704 Executing VM operation: Cleanup
Event: 4.733 Executing VM operation: Cleanup done
Event: 5.742 Executing VM operation: Cleanup
Event: 5.806 Executing VM operation: Cleanup done

Memory protections (0 events):
No events

Nmethod flushes (0 events):
No events

Events (12 events):
Event: 0.021 Thread 0x0000023a3b758260 Thread added: 0x0000023a3b758260
Event: 0.031 Thread 0x0000023a3b758260 Thread added: 0x0000023a5a170f20
Event: 0.031 Thread 0x0000023a3b758260 Thread added: 0x0000023a5a171980
Event: 0.032 Thread 0x0000023a3b758260 Thread added: 0x0000023a5a175e30
Event: 0.032 Thread 0x0000023a3b758260 Thread added: 0x0000023a5a1779d0
Event: 0.032 Thread 0x0000023a3b758260 Thread added: 0x0000023a5a1827b0
Event: 0.032 Thread 0x0000023a3b758260 Thread added: 0x0000023a5a810db0
Event: 0.032 Thread 0x0000023a3b758260 Thread added: 0x0000023a5a811750
Event: 0.032 Thread 0x0000023a3b758260 Thread added: 0x0000023a5a1859a0
Event: 0.046 Thread 0x0000023a3b758260 Thread added: 0x0000023a5a997280
Event: 0.048 Thread 0x0000023a3b758260 Thread added: 0x0000023a5a9a2120
Event: 0.515 Thread 0x0000023a5a1859a0 Thread added: 0x0000023aa06e7a10


Dynamic libraries:
0x00007ff74abf0000 - 0x00007ff74ac00000 	C:\Program Files\Java\jdk-22\bin\java.exe
0x00007ffd631e0000 - 0x00007ffd63443000 	C:\WINDOWS\SYSTEM32\ntdll.dll
0x00007ffd61090000 - 0x00007ffd61157000 	C:\WINDOWS\System32\KERNEL32.DLL
0x00007ffd60a50000 - 0x00007ffd60e19000 	C:\WINDOWS\System32\KERNELBASE.dll
0x00007ffd60eb0000 - 0x00007ffd60ffc000 	C:\WINDOWS\System32\ucrtbase.dll
0x00007ffd3b3d0000 - 0x00007ffd3b3e7000 	C:\Program Files\Java\jdk-22\bin\jli.dll
0x00007ffd292a0000 - 0x00007ffd292bb000 	C:\Program Files\Java\jdk-22\bin\VCRUNTIME140.dll
0x00007ffd621c0000 - 0x00007ffd6238a000 	C:\WINDOWS\System32\USER32.dll
0x00007ffd5f550000 - 0x00007ffd5f7e0000 	C:\WINDOWS\WinSxS\amd64_microsoft.windows.common-controls_6595b64144ccf1df_6.0.26100.3323_none_3e088096e3344490\COMCTL32.dll
0x00007ffd60a20000 - 0x00007ffd60a47000 	C:\WINDOWS\System32\win32u.dll
0x00007ffd62f80000 - 0x00007ffd62faa000 	C:\WINDOWS\System32\GDI32.dll
0x00007ffd615f0000 - 0x00007ffd61699000 	C:\WINDOWS\System32\msvcrt.dll
0x00007ffd606c0000 - 0x00007ffd607f1000 	C:\WINDOWS\System32\gdi32full.dll
0x00007ffd60610000 - 0x00007ffd606b3000 	C:\WINDOWS\System32\msvcp_win.dll
0x00007ffd61480000 - 0x00007ffd614af000 	C:\WINDOWS\System32\IMM32.DLL
0x00007ffd49ef0000 - 0x00007ffd49efc000 	C:\Program Files\Java\jdk-22\bin\vcruntime140_1.dll
0x00007ffd1d010000 - 0x00007ffd1d09e000 	C:\Program Files\Java\jdk-22\bin\msvcp140.dll
0x00007ffd00fb0000 - 0x00007ffd01cf9000 	C:\Program Files\Java\jdk-22\bin\server\jvm.dll
0x00007ffd62ad0000 - 0x00007ffd62b82000 	C:\WINDOWS\System32\ADVAPI32.dll
0x00007ffd63070000 - 0x00007ffd63116000 	C:\WINDOWS\System32\sechost.dll
0x00007ffd614d0000 - 0x00007ffd615e6000 	C:\WINDOWS\System32\RPCRT4.dll
0x00007ffd63120000 - 0x00007ffd63194000 	C:\WINDOWS\System32\WS2_32.dll
0x00007ffd5fc50000 - 0x00007ffd5fc9e000 	C:\WINDOWS\SYSTEM32\POWRPROF.dll
0x00007ffd5c4a0000 - 0x00007ffd5c4d6000 	C:\WINDOWS\SYSTEM32\WINMM.dll
0x00007ffd52070000 - 0x00007ffd5207b000 	C:\WINDOWS\SYSTEM32\VERSION.dll
0x00007ffd5faf0000 - 0x00007ffd5fb04000 	C:\WINDOWS\SYSTEM32\UMPDC.dll
0x00007ffd5e960000 - 0x00007ffd5e97a000 	C:\WINDOWS\SYSTEM32\kernel.appcore.dll
0x00007ffd49400000 - 0x00007ffd4940a000 	C:\Program Files\Java\jdk-22\bin\jimage.dll
0x00007ffd5fcb0000 - 0x00007ffd5fef1000 	C:\WINDOWS\SYSTEM32\DBGHELP.DLL
0x00007ffd62b90000 - 0x00007ffd62f12000 	C:\WINDOWS\System32\combase.dll
0x00007ffd616a0000 - 0x00007ffd61776000 	C:\WINDOWS\System32\OLEAUT32.dll
0x00007ffd3ca40000 - 0x00007ffd3ca79000 	C:\WINDOWS\SYSTEM32\dbgcore.DLL
0x00007ffd60980000 - 0x00007ffd60a19000 	C:\WINDOWS\System32\bcryptPrimitives.dll
0x00007ffd281b0000 - 0x00007ffd281ce000 	C:\Program Files\Java\jdk-22\bin\java.dll
0x00007ffd62390000 - 0x00007ffd62aa5000 	C:\WINDOWS\System32\SHELL32.dll
0x00007ffd603e0000 - 0x00007ffd60548000 	C:\WINDOWS\System32\wintypes.dll
0x00007ffd61f20000 - 0x00007ffd620b5000 	C:\WINDOWS\System32\ole32.dll
0x00007ffd5d7b0000 - 0x00007ffd5dff5000 	C:\WINDOWS\SYSTEM32\windows.storage.dll
0x00007ffd61780000 - 0x00007ffd6186b000 	C:\WINDOWS\System32\SHCORE.dll
0x00007ffd61880000 - 0x00007ffd618dd000 	C:\WINDOWS\System32\shlwapi.dll
0x00007ffd602f0000 - 0x00007ffd6031f000 	C:\WINDOWS\SYSTEM32\profapi.dll
0x00007ffd0c4d0000 - 0x00007ffd0c5a7000 	C:\Program Files\Java\jdk-22\bin\jsvml.dll
0x00007ffd45f40000 - 0x00007ffd45f50000 	C:\Program Files\Java\jdk-22\bin\net.dll
0x00007ffd5ee70000 - 0x00007ffd5eeda000 	C:\WINDOWS\system32\mswsock.dll
0x00007ffd23680000 - 0x00007ffd23696000 	C:\Program Files\Java\jdk-22\bin\nio.dll
0x00007ffd23170000 - 0x00007ffd23187000 	C:\Program Files\Java\jdk-22\bin\zip.dll
0x0000000069ac0000 - 0x0000000069ae4000 	C:\Program Files\NetBeans-22\netbeans\java\maven\lib\jansi-native\Windows\x86_64\jansi.dll
0x00007ffd45a10000 - 0x00007ffd45a20000 	C:\Program Files\Java\jdk-22\bin\verify.dll

dbghelp: loaded successfully - version: 4.0.5 - missing functions: none
symbol engine: initialized successfully - sym options: 0x614 - pdb path: .;C:\Program Files\Java\jdk-22\bin;C:\WINDOWS\SYSTEM32;C:\WINDOWS\WinSxS\amd64_microsoft.windows.common-controls_6595b64144ccf1df_6.0.26100.3323_none_3e088096e3344490;C:\Program Files\Java\jdk-22\bin\server;C:\Program Files\NetBeans-22\netbeans\java\maven\lib\jansi-native\Windows\x86_64

VM Arguments:
jvm_args: -Dclassworlds.conf=C:\Program Files\NetBeans-22\netbeans\java\maven\bin\m2.conf -Dmaven.home=C:\Program Files\NetBeans-22\netbeans\java\maven -Dlibrary.jansi.path=C:\Program Files\NetBeans-22\netbeans\java\maven\lib\jansi-native -Dmaven.multiModuleProjectDirectory=D:\HK2_24-25\THIET KE PHAN MEM UNG DUNG WEB\2274820116_BuiThiNgocHoa 
java_command: org.codehaus.plexus.classworlds.launcher.Launcher -Dexec.vmArgs= -Dexec.args=${exec.vmArgs} -classpath %classpath ${exec.mainClass} ${exec.appArgs} -Dexec.executable=java -Dexec.mainClass=TestConnection -Dexec.classpathScope=runtime -Dexec.appArgs= -Dmaven.ext.class.path=C:\Program Files\NetBeans-22\netbeans\java\maven-nblib\netbeans-eventspy.jar --no-transfer-progress process-classes org.codehaus.mojo:exec-maven-plugin:3.1.0:exec
java_class_path (initial): C:\Program Files\NetBeans-22\netbeans\java\maven\boot\plexus-classworlds-2.7.0.jar
Launcher Type: SUN_STANDARD

[Global flags]
     intx CICompilerCount                          = 4                                         {product} {ergonomic}
     uint ConcGCThreads                            = 3                                         {product} {ergonomic}
     uint G1ConcRefinementThreads                  = 10                                        {product} {ergonomic}
   size_t G1HeapRegionSize                         = 1048576                                   {product} {ergonomic}
   size_t InitialHeapSize                          = 130023424                                 {product} {ergonomic}
   size_t MarkStackSize                            = 4194304                                   {product} {ergonomic}
   size_t MaxHeapSize                              = 2061500416                                {product} {ergonomic}
   size_t MaxNewSize                               = 1236271104                                {product} {ergonomic}
   size_t MinHeapDeltaBytes                        = 1048576                                   {product} {ergonomic}
   size_t MinHeapSize                              = 8388608                                   {product} {ergonomic}
    uintx NonNMethodCodeHeapSize                   = 5839372                                {pd product} {ergonomic}
    uintx NonProfiledCodeHeapSize                  = 122909434                              {pd product} {ergonomic}
    uintx ProfiledCodeHeapSize                     = 122909434                              {pd product} {ergonomic}
    uintx ReservedCodeCacheSize                    = 251658240                              {pd product} {ergonomic}
     bool SegmentedCodeCache                       = true                                      {product} {ergonomic}
   size_t SoftMaxHeapSize                          = 2061500416                             {manageable} {ergonomic}
     bool UseCompressedOops                        = true                           {product lp64_product} {ergonomic}
     bool UseG1GC                                  = true                                      {product} {ergonomic}
     bool UseLargePagesIndividualAllocation        = false                                  {pd product} {ergonomic}

Logging:
Log output configuration:
 #0: stdout all=warning uptime,level,tags foldmultilines=false
 #1: stderr all=off uptime,level,tags foldmultilines=false

Environment Variables:
JAVA_HOME=C:\Program Files\Java\jdk-22
PATH=C:\Program Files\Python311\Scripts\;C:\Program Files\Python311\;C:\Program Files\Common Files\Oracle\Java\javapath;C:\Program Files (x86)\VMware\VMware Workstation\bin\;C:\windows\system32;C:\windows;C:\windows\System32\Wbem;C:\windows\System32\WindowsPowerShell\v1.0\;C:\windows\System32\OpenSSH\;C:\Program Files (x86)\NVIDIA Corporation\PhysX\Common;C:\WINDOWS\system32;C:\WINDOWS;C:\WINDOWS\System32\Wbem;C:\WINDOWS\System32\WindowsPowerShell\v1.0\;C:\WINDOWS\System32\OpenSSH\;C:\Program Files (x86)\Microsoft SQL Server\160\Tools\Binn\;C:\Program Files\Microsoft SQL Server\160\Tools\Binn\;C:\Program Files\Microsoft SQL Server\Client SDK\ODBC\170\Tools\Binn\;C:\Program Files\Microsoft SQL Server\160\DTS\Binn\;C:\Program Files\Azure Data Studio\bin;C:\Program Files\dotnet\;C:\Program Files\CMake\bin;C:\Users\PC\AppData\Roaming\Python\Python311\Scripts;C:\Users\PC\AppData\Local\Microsoft\WindowsApps;C:\Users\PC\AppData\Local\Programs\Microsoft VS Code\bin;C:\msys64\mingw64\bin;;C:\Program Files\Azure Data Studio\bin;D:\HK1_24-25\AN TOAN BAO MAT THONG TIN\PyCharm Community Edition 2024.2.1\bin;;C:\Users\PC\Nmap
USERNAME=PC
OS=Windows_NT
PROCESSOR_IDENTIFIER=Intel64 Family 6 Model 154 Stepping 4, GenuineIntel
TMP=C:\Users\PC\AppData\Local\Temp
TEMP=C:\Users\PC\AppData\Local\Temp




Periodic native trim disabled

---------------  S Y S T E M  ---------------

OS:
 Windows 11 , 64 bit Build 26100 (10.0.26100.3323)
OS uptime: 1 days 8:14 hours
Hyper-V role detected

CPU: total 12 (initial active 12) (6 cores per cpu, 2 threads per core) family 6 model 154 stepping 4 microcode 0x42c, cx8, cmov, fxsr, ht, mmx, 3dnowpref, sse, sse2, sse3, ssse3, sse4.1, sse4.2, popcnt, lzcnt, tsc, tscinvbit, avx, avx2, aes, erms, clmul, bmi1, bmi2, adx, sha, fma, vzeroupper, clflush, clflushopt, clwb, hv, serialize, rdtscp, rdpid, fsrm, f16c, cet_ibt, cet_ss
Processor Information for processor 0
  Max Mhz: 1300, Current Mhz: 1300, Mhz Limit: 1300
Processor Information for processor 1
  Max Mhz: 1300, Current Mhz: 1300, Mhz Limit: 1300
Processor Information for processor 2
  Max Mhz: 1300, Current Mhz: 1300, Mhz Limit: 1300
Processor Information for processor 3
  Max Mhz: 1300, Current Mhz: 1300, Mhz Limit: 1300
Processor Information for processor 4
  Max Mhz: 1300, Current Mhz: 900, Mhz Limit: 897
Processor Information for processor 5
  Max Mhz: 1300, Current Mhz: 900, Mhz Limit: 897
Processor Information for processor 6
  Max Mhz: 1300, Current Mhz: 900, Mhz Limit: 897
Processor Information for processor 7
  Max Mhz: 1300, Current Mhz: 900, Mhz Limit: 897
Processor Information for processor 8
  Max Mhz: 1300, Current Mhz: 900, Mhz Limit: 897
Processor Information for processor 9
  Max Mhz: 1300, Current Mhz: 900, Mhz Limit: 897
Processor Information for processor 10
  Max Mhz: 1300, Current Mhz: 900, Mhz Limit: 897
Processor Information for processor 11
  Max Mhz: 1300, Current Mhz: 900, Mhz Limit: 897

Memory: 4k page, system-wide physical 7860M (563M free)
TotalPageFile size 32436M (AvailPageFile size 165M)
current process WorkingSet (physical memory assigned to process): 186M, peak: 191M
current process commit charge ("private bytes"): 271M, peak: 276M

vm_info: Java HotSpot(TM) 64-Bit Server VM (22.0.2+9-70) for windows-amd64 JRE (22.0.2+9-70), built on 2024-06-04T16:52:23Z by "mach5one" with MS VC++ 17.6 (VS2022)

END.
